<?xml version="1.0" encoding="UTF-8"?>
<!-- Generated by org.testng.reporters.JUnitReportReporter -->
<testsuite hostname="DESKTOP-VH9QQ5E" failures="0" tests="1" name="TEST_sample" time="8.850" errors="0" timestamp="2022-07-09T19:16:53 IST" skipped="0">
  <testcase classname="TEST_sample" name="browser" time="8.850"/>
  <system-out/>
</testsuite> <!-- TEST_sample -->
