<?xml version="1.0" encoding="UTF-8"?>
<!-- Generated by org.testng.reporters.JUnitReportReporter -->
<testsuite skipped="0" hostname="DESKTOP-VH9QQ5E" name="TEST_sample" tests="1" failures="0" timestamp="2022-07-09T14:45:54 IST" time="3.987" errors="0">
  <testcase name="browser" time="3.987" classname="TEST_sample"/>
  <system-out/>
</testsuite> <!-- TEST_sample -->
